Release 14.7 - xst P.20131013 (nt64)
Copyright (c) 1995-2013 Xilinx, Inc.  All rights reserved.
--> Parameter TMPDIR set to xst/projnav.tmp


Total REAL time to Xst completion: 0.00 secs
Total CPU time to Xst completion: 0.13 secs
 
--> Parameter xsthdpdir set to xst


Total REAL time to Xst completion: 0.00 secs
Total CPU time to Xst completion: 0.13 secs
 
--> Reading design: instructionmem.prj

TABLE OF CONTENTS
  1) Synthesis Options Summary
  2) HDL Parsing
  3) HDL Elaboration
  4) HDL Synthesis
       4.1) HDL Synthesis Report
  5) Advanced HDL Synthesis
       5.1) Advanced HDL Synthesis Report
  6) Low Level Synthesis
  7) Partition Report
  8) Design Summary
       8.1) Primitive and Black Box Usage
       8.2) Device utilization summary
       8.3) Partition Resource Summary
       8.4) Timing Report
            8.4.1) Clock Information
            8.4.2) Asynchronous Control Signals Information
            8.4.3) Timing Summary
            8.4.4) Timing Details
            8.4.5) Cross Clock Domains Report


=========================================================================
*                      Synthesis Options Summary                        *
=========================================================================
---- Source Parameters
Input File Name                    : "instructionmem.prj"
Ignore Synthesis Constraint File   : NO

---- Target Parameters
Output File Name                   : "instructionmem"
Output Format                      : NGC
Target Device                      : xc7a100t-3-csg324

---- Source Options
Top Module Name                    : instructionmem
Automatic FSM Extraction           : YES
FSM Encoding Algorithm             : Auto
Safe Implementation                : No
FSM Style                          : LUT
RAM Extraction                     : Yes
RAM Style                          : Auto
ROM Extraction                     : Yes
Shift Register Extraction          : YES
ROM Style                          : Auto
Resource Sharing                   : YES
Asynchronous To Synchronous        : NO
Shift Register Minimum Size        : 2
Use DSP Block                      : Auto
Automatic Register Balancing       : No

---- Target Options
LUT Combining                      : Auto
Reduce Control Sets                : Auto
Add IO Buffers                     : YES
Global Maximum Fanout              : 100000
Add Generic Clock Buffer(BUFG)     : 32
Register Duplication               : YES
Optimize Instantiated Primitives   : NO
Use Clock Enable                   : Auto
Use Synchronous Set                : Auto
Use Synchronous Reset              : Auto
Pack IO Registers into IOBs        : Auto
Equivalent register Removal        : YES

---- General Options
Optimization Goal                  : Speed
Optimization Effort                : 1
Power Reduction                    : NO
Keep Hierarchy                     : No
Netlist Hierarchy                  : As_Optimized
RTL Output                         : Yes
Global Optimization                : AllClockNets
Read Cores                         : YES
Write Timing Constraints           : NO
Cross Clock Analysis               : NO
Hierarchy Separator                : /
Bus Delimiter                      : <>
Case Specifier                     : Maintain
Slice Utilization Ratio            : 100
BRAM Utilization Ratio             : 100
DSP48 Utilization Ratio            : 100
Auto BRAM Packing                  : NO
Slice Utilization Ratio Delta      : 5

=========================================================================


=========================================================================
*                          HDL Parsing                                  *
=========================================================================
Parsing VHDL file "D:\Education\CA\Moezmips\instructionmem.vhd" into library work
Parsing entity <instructionmem>.
Parsing architecture <Behavioral> of entity <instructionmem>.

=========================================================================
*                            HDL Elaboration                            *
=========================================================================

Elaborating entity <instructionmem> (architecture <Behavioral>) from library <work>.
WARNING:HDLCompiler:92 - "D:\Education\CA\Moezmips\instructionmem.vhd" Line 56: mem should be on the sensitivity list of the process
WARNING:HDLCompiler:92 - "D:\Education\CA\Moezmips\instructionmem.vhd" Line 57: mem should be on the sensitivity list of the process
WARNING:HDLCompiler:92 - "D:\Education\CA\Moezmips\instructionmem.vhd" Line 58: mem should be on the sensitivity list of the process
WARNING:HDLCompiler:92 - "D:\Education\CA\Moezmips\instructionmem.vhd" Line 59: mem should be on the sensitivity list of the process

=========================================================================
*                           HDL Synthesis                               *
=========================================================================

Synthesizing Unit <instructionmem>.
    Related source file is "D:\Education\CA\Moezmips\instructionmem.vhd".
WARNING:Xst:647 - Input <Address<31:31>> is never used. This port will be preserved and left unconnected if it belongs to a top-level block or it belongs to a sub-block and the hierarchy of this sub-block is preserved.
WARNING:Xst:647 - Input <clk> is never used. This port will be preserved and left unconnected if it belongs to a top-level block or it belongs to a sub-block and the hierarchy of this sub-block is preserved.
WARNING:Xst:2999 - Signal 'mem', unconnected in block 'instructionmem', is tied to its initial value.
    Found 31-bit adder for signal <n0012> created at line 57.
    Found 31-bit adder for signal <n0013> created at line 58.
    Found 31-bit adder for signal <n0014> created at line 59.
WARNING:Xst:3035 - Index value(s) does not match array range for signal <mem>, simulation mismatch.
    Found 36x8-bit dual-port Read Only RAM <Mram_mem> for signal <mem>.
    Summary:
	inferred   2 RAM(s).
	inferred   3 Adder/Subtractor(s).
Unit <instructionmem> synthesized.

=========================================================================
HDL Synthesis Report

Macro Statistics
# RAMs                                                 : 2
 36x8-bit dual-port Read Only RAM                      : 2
# Adders/Subtractors                                   : 3
 31-bit adder                                          : 3

=========================================================================

=========================================================================
*                       Advanced HDL Synthesis                          *
=========================================================================


Synthesizing (advanced) Unit <instructionmem>.
INFO:Xst:3218 - HDL ADVISOR - The RAM <Mram_mem> will be implemented on LUTs either because you have described an asynchronous read or because of currently unsupported block RAM features. If you have described an asynchronous read, making it synchronous would allow you to take advantage of available block RAM resources, for optimized device usage and improved timings. Please refer to your documentation for coding guidelines.
    -----------------------------------------------------------------------
    | ram_type           | Distributed                         |          |
    -----------------------------------------------------------------------
    | Port A                                                              |
    |     aspect ratio   | 36-word x 8-bit                     |          |
    |     weA            | connected to signal <GND>           | high     |
    |     addrA          | connected to signal <Address>       |          |
    |     diA            | connected to signal <GND>           |          |
    |     doA            | connected to signal <Instruction>   |          |
    -----------------------------------------------------------------------
    | Port B                                                              |
    |     aspect ratio   | 36-word x 8-bit                     |          |
    |     addrB          | connected to signal <n0012>         |          |
    |     doB            | connected to signal <Instruction>   |          |
    -----------------------------------------------------------------------
INFO:Xst:3218 - HDL ADVISOR - The RAM <Mram_mem1> will be implemented on LUTs either because you have described an asynchronous read or because of currently unsupported block RAM features. If you have described an asynchronous read, making it synchronous would allow you to take advantage of available block RAM resources, for optimized device usage and improved timings. Please refer to your documentation for coding guidelines.
    -----------------------------------------------------------------------
    | ram_type           | Distributed                         |          |
    -----------------------------------------------------------------------
    | Port A                                                              |
    |     aspect ratio   | 36-word x 8-bit                     |          |
    |     weA            | connected to signal <GND>           | high     |
    |     addrA          | connected to signal <n0013>         |          |
    |     diA            | connected to signal <GND>           |          |
    |     doA            | connected to signal <Instruction>   |          |
    -----------------------------------------------------------------------
    | Port B                                                              |
    |     aspect ratio   | 36-word x 8-bit                     |          |
    |     addrB          | connected to signal <n0014>         |          |
    |     doB            | connected to signal <Instruction>   |          |
    -----------------------------------------------------------------------
Unit <instructionmem> synthesized (advanced).

=========================================================================
Advanced HDL Synthesis Report

Macro Statistics
# RAMs                                                 : 2
 36x8-bit dual-port distributed Read Only RAM          : 2
# Adders/Subtractors                                   : 3
 6-bit adder                                           : 3

=========================================================================

=========================================================================
*                         Low Level Synthesis                           *
=========================================================================

Optimizing unit <instructionmem> ...

Mapping all equations...
Building and optimizing final netlist ...
Found area constraint ratio of 100 (+ 5) on block instructionmem, actual ratio is 0.

Final Macro Processing ...

=========================================================================
Final Register Report

Found no macro
=========================================================================

=========================================================================
*                           Partition Report                            *
=========================================================================

Partition Implementation Status
-------------------------------

  No Partitions were found in this design.

-------------------------------

=========================================================================
*                            Design Summary                             *
=========================================================================

Top Level Output File Name         : instructionmem.ngc

Primitive and Black Box Usage:
------------------------------
# BELS                             : 18
#      GND                         : 1
#      INV                         : 2
#      LUT2                        : 3
#      LUT3                        : 3
#      LUT4                        : 3
#      LUT5                        : 3
#      LUT6                        : 2
#      VCC                         : 1
# RAMS                             : 16
#      RAM64X1D                    : 16
# IO Buffers                       : 38
#      IBUF                        : 6
#      OBUF                        : 32

Device utilization summary:
---------------------------

Selected Device : 7a100tcsg324-3 


Slice Logic Utilization: 
 Number of Slice LUTs:                   48  out of  63400     0%  
    Number used as Logic:                16  out of  63400     0%  
    Number used as Memory:               32  out of  19000     0%  
       Number used as RAM:               32

Slice Logic Distribution: 
 Number of LUT Flip Flop pairs used:     48
   Number with an unused Flip Flop:      48  out of     48   100%  
   Number with an unused LUT:             0  out of     48     0%  
   Number of fully used LUT-FF pairs:     0  out of     48     0%  
   Number of unique control sets:         0

IO Utilization: 
 Number of IOs:                          65
 Number of bonded IOBs:                  38  out of    210    18%  

Specific Feature Utilization:

---------------------------
Partition Resource Summary:
---------------------------

  No Partitions were found in this design.

---------------------------


=========================================================================
Timing Report

NOTE: THESE TIMING NUMBERS ARE ONLY A SYNTHESIS ESTIMATE.
      FOR ACCURATE TIMING INFORMATION PLEASE REFER TO THE TRACE REPORT
      GENERATED AFTER PLACE-and-ROUTE.

Clock Information:
------------------
-----------------------------------+------------------------+-------+
Clock Signal                       | Clock buffer(FF name)  | Load  |
-----------------------------------+------------------------+-------+
N0                                 | NONE(Mram_mem2)        | 16    |
-----------------------------------+------------------------+-------+
INFO:Xst:2169 - HDL ADVISOR - Some clock signals were not automatically buffered by XST with BUFG/BUFR resources. Please use the buffer_type constraint in order to insert these buffers to the clock signals to help prevent skew problems.

Asynchronous Control Signals Information:
----------------------------------------
No asynchronous control signals found in this design

Timing Summary:
---------------
Speed Grade: -3

   Minimum period: No path found
   Minimum input arrival time before clock: 1.349ns
   Maximum output required time after clock: 1.141ns
   Maximum combinational path delay: 1.575ns

Timing Details:
---------------
All values displayed in nanoseconds (ns)

=========================================================================
Timing constraint: Default OFFSET IN BEFORE for Clock 'N0'
  Total number of paths / destination ports: 512 / 192
-------------------------------------------------------------------------
Offset:              1.349ns (Levels of Logic = 2)
  Source:            Address<0> (PAD)
  Destination:       Mram_mem2 (RAM)
  Destination Clock: N0 rising

  Data Path: Address<0> to Mram_mem2
                                Gate     Net
    Cell:in->out      fanout   Delay   Delay  Logical Name (Net Name)
    ----------------------------------------  ------------
     IBUF:I->O            27   0.001   0.789  Address_0_IBUF (Address_0_IBUF)
     LUT6:I1->O            8   0.097   0.311  Madd_n0012_Madd_xor<5>11 (n0012<5>)
     RAM64X1D:DPRA5            0.150          Mram_mem2
    ----------------------------------------
    Total                      1.349ns (0.248ns logic, 1.101ns route)
                                       (18.4% logic, 81.6% route)

=========================================================================
Timing constraint: Default OFFSET OUT AFTER for Clock 'N0'
  Total number of paths / destination ports: 32 / 32
-------------------------------------------------------------------------
Offset:              1.141ns (Levels of Logic = 1)
  Source:            Mram_mem9 (RAM)
  Destination:       Instruction<31> (PAD)
  Source Clock:      N0 rising

  Data Path: Mram_mem9 to Instruction<31>
                                Gate     Net
    Cell:in->out      fanout   Delay   Delay  Logical Name (Net Name)
    ----------------------------------------  ------------
     RAM64X1D:WCLK->SPO    1   0.862   0.279  Mram_mem9 (Instruction_31_OBUF)
     OBUF:I->O                 0.000          Instruction_31_OBUF (Instruction<31>)
    ----------------------------------------
    Total                      1.141ns (0.862ns logic, 0.279ns route)
                                       (75.5% logic, 24.5% route)

=========================================================================
Timing constraint: Default path analysis
  Total number of paths / destination ports: 512 / 32
-------------------------------------------------------------------------
Delay:               1.575ns (Levels of Logic = 4)
  Source:            Address<0> (PAD)
  Destination:       Instruction<23> (PAD)

  Data Path: Address<0> to Instruction<23>
                                Gate     Net
    Cell:in->out      fanout   Delay   Delay  Logical Name (Net Name)
    ----------------------------------------  ------------
     IBUF:I->O            27   0.001   0.789  Address_0_IBUF (Address_0_IBUF)
     LUT6:I1->O            8   0.097   0.311  Madd_n0012_Madd_xor<5>11 (n0012<5>)
     RAM64X1D:DPRA5->DPO    1   0.097   0.279  Mram_mem2 (Instruction_16_OBUF)
     OBUF:I->O                 0.000          Instruction_16_OBUF (Instruction<16>)
    ----------------------------------------
    Total                      1.575ns (0.195ns logic, 1.380ns route)
                                       (12.4% logic, 87.6% route)

=========================================================================

Cross Clock Domains Report:
--------------------------

=========================================================================


Total REAL time to Xst completion: 8.00 secs
Total CPU time to Xst completion: 7.92 secs
 
--> 

Total memory usage is 4690644 kilobytes

Number of errors   :    0 (   0 filtered)
Number of warnings :    8 (   0 filtered)
Number of infos    :    3 (   0 filtered)

