ISim log file
Running: D:\Education\CA\Moezmips\processssortest_isim_beh.exe -intstyle ise -gui -tclbatch isim.cmd -wdb D:/Education/CA/Moezmips/processssortest_isim_beh.wdb 
ISim P.20131013 (signature 0x7708f090)
This is a Full version of ISim.
Time resolution is 1 ps
# onerror resume
# wave add /
# run 1000 ns
Simulator is doing circuit initialization process.
at 0 ps, Instance /processssortest/uut/reg/ : Warning: NUMERIC_STD.TO_INTEGER: metavalue detected, returning 0
at 0 ps, Instance /processssortest/uut/reg/ : Warning: NUMERIC_STD.TO_INTEGER: metavalue detected, returning 0
at 0 ps, Instance /processssortest/uut/adderr/ : Warning: There is an 'U'|'X'|'W'|'Z'|'-' in an arithmetic operand, the result will be 'X'(es).
at 0 ps, Instance /processssortest/uut/instmem/ : Warning: NUMERIC_STD.TO_INTEGER: metavalue detected, returning 0
at 0 ps, Instance /processssortest/uut/instmem/ : Warning: NUMERIC_STD.TO_INTEGER: metavalue detected, returning 0
at 0 ps, Instance /processssortest/uut/instmem/ : Warning: NUMERIC_STD.TO_INTEGER: metavalue detected, returning 0
at 0 ps, Instance /processssortest/uut/instmem/ : Warning: NUMERIC_STD.TO_INTEGER: metavalue detected, returning 0
Finished circuit initialization process.
at 5 ns(1), Instance /processssortest/uut/instmem/ : Warning: NUMERIC_STD.TO_INTEGER: metavalue detected, returning 0
at 5 ns(1), Instance /processssortest/uut/instmem/ : Warning: NUMERIC_STD.TO_INTEGER: metavalue detected, returning 0
at 5 ns(1), Instance /processssortest/uut/instmem/ : Warning: NUMERIC_STD.TO_INTEGER: metavalue detected, returning 0
at 5 ns(1), Instance /processssortest/uut/instmem/ : Warning: NUMERIC_STD.TO_INTEGER: metavalue detected, returning 0
ERROR: Index 36 out of bound 0 to 35. 
ERROR: In process instructionmem.vhd:53 
 
INFO: Simulator is stopped.
ISim P.20131013 (signature 0x7708f090)
This is a Full version of ISim.
# run 1000 ns
Simulator is doing circuit initialization process.
at 0 ps, Instance /processssortest/uut/reg/ : Warning: NUMERIC_STD.TO_INTEGER: metavalue detected, returning 0
at 0 ps, Instance /processssortest/uut/reg/ : Warning: NUMERIC_STD.TO_INTEGER: metavalue detected, returning 0
at 0 ps, Instance /processssortest/uut/adderr/ : Warning: There is an 'U'|'X'|'W'|'Z'|'-' in an arithmetic operand, the result will be 'X'(es).
at 0 ps, Instance /processssortest/uut/instmem/ : Warning: NUMERIC_STD.TO_INTEGER: metavalue detected, returning 0
at 0 ps, Instance /processssortest/uut/instmem/ : Warning: NUMERIC_STD.TO_INTEGER: metavalue detected, returning 0
at 0 ps, Instance /processssortest/uut/instmem/ : Warning: NUMERIC_STD.TO_INTEGER: metavalue detected, returning 0
at 0 ps, Instance /processssortest/uut/instmem/ : Warning: NUMERIC_STD.TO_INTEGER: metavalue detected, returning 0
Finished circuit initialization process.
at 5 ns(1), Instance /processssortest/uut/instmem/ : Warning: NUMERIC_STD.TO_INTEGER: metavalue detected, returning 0
at 5 ns(1), Instance /processssortest/uut/instmem/ : Warning: NUMERIC_STD.TO_INTEGER: metavalue detected, returning 0
at 5 ns(1), Instance /processssortest/uut/instmem/ : Warning: NUMERIC_STD.TO_INTEGER: metavalue detected, returning 0
at 5 ns(1), Instance /processssortest/uut/instmem/ : Warning: NUMERIC_STD.TO_INTEGER: metavalue detected, returning 0
ERROR: Index 36 out of bound 0 to 35. 
ERROR: In process instructionmem.vhd:53 
 
INFO: Simulator is stopped.
ISim P.20131013 (signature 0x7708f090)
This is a Full version of ISim.
# run 1000 ns
Simulator is doing circuit initialization process.
at 0 ps, Instance /processssortest/uut/reg/ : Warning: NUMERIC_STD.TO_INTEGER: metavalue detected, returning 0
at 0 ps, Instance /processssortest/uut/reg/ : Warning: NUMERIC_STD.TO_INTEGER: metavalue detected, returning 0
at 0 ps, Instance /processssortest/uut/adderr/ : Warning: There is an 'U'|'X'|'W'|'Z'|'-' in an arithmetic operand, the result will be 'X'(es).
at 0 ps, Instance /processssortest/uut/instmem/ : Warning: NUMERIC_STD.TO_INTEGER: metavalue detected, returning 0
at 0 ps, Instance /processssortest/uut/instmem/ : Warning: NUMERIC_STD.TO_INTEGER: metavalue detected, returning 0
at 0 ps, Instance /processssortest/uut/instmem/ : Warning: NUMERIC_STD.TO_INTEGER: metavalue detected, returning 0
at 0 ps, Instance /processssortest/uut/instmem/ : Warning: NUMERIC_STD.TO_INTEGER: metavalue detected, returning 0
Finished circuit initialization process.
at 5 ns(1), Instance /processssortest/uut/instmem/ : Warning: NUMERIC_STD.TO_INTEGER: metavalue detected, returning 0
at 5 ns(1), Instance /processssortest/uut/instmem/ : Warning: NUMERIC_STD.TO_INTEGER: metavalue detected, returning 0
at 5 ns(1), Instance /processssortest/uut/instmem/ : Warning: NUMERIC_STD.TO_INTEGER: metavalue detected, returning 0
at 5 ns(1), Instance /processssortest/uut/instmem/ : Warning: NUMERIC_STD.TO_INTEGER: metavalue detected, returning 0
ERROR: Index 36 out of bound 0 to 35. 
ERROR: In process instructionmem.vhd:53 
 
INFO: Simulator is stopped.
